#
# A fatal error has been detected by the Java Runtime Environment:
#
#  EXCEPTION_ACCESS_VIOLATION (0xc0000005) at pc=0x00007ffa16c43ff3, pid=3516, tid=5404
#
# JRE version: OpenJDK Runtime Environment (17.0.2+8) (build 17.0.2+8-86)
# Java VM: OpenJDK 64-Bit Server VM (17.0.2+8-86, mixed mode, sharing, tiered, compressed oops, compressed class ptrs, g1 gc, windows-amd64)
# Problematic frame:
# V  [jvm.dll+0x173ff3]
#
# No core dump will be written. Minidumps are not enabled by default on client versions of Windows
#
# If you would like to submit a bug report, please visit:
#   https://bugreport.java.com/bugreport/crash.jsp
#

---------------  S U M M A R Y ------------

Command Line: -ea -Didea.test.cyclic.buffer.size=1048576 -javaagent:C:\Program Files\JetBrains\IntelliJ IDEA Community Edition 2021.3.2\lib\idea_rt.jar=50064:C:\Program Files\JetBrains\IntelliJ IDEA Community Edition 2021.3.2\bin -Dfile.encoding=UTF-8 com.intellij.rt.junit.JUnitStarter -ideVersion5 -junit4 post_request.Post03Pojo

Host: Intel(R) Core(TM) i7-3632QM CPU @ 2.20GHz, 8 cores, 11G,  Windows 10 , 64 bit Build 19041 (10.0.19041.1889)
Time: Wed Aug 17 12:25:22 2022 Türkiye Standart Saati elapsed time: 6.892327 seconds (0d 0h 0m 6s)

---------------  T H R E A D  ---------------

Current thread (0x000001da7fc69d00):  JavaThread "C1 CompilerThread0" daemon [_thread_in_native, id=5404, stack(0x0000007772000000,0x0000007772100000)]


Current CompileTask:
C1:   6892 2608       3       groovyjarjarasm.asm.Frame::putAbstractType (379 bytes)

Stack: [0x0000007772000000,0x0000007772100000],  sp=0x00000077720fdca0,  free space=1015k
Native frames: (J=compiled Java code, j=interpreted, Vv=VM code, C=native code)
V  [jvm.dll+0x173ff3]
V  [jvm.dll+0x173697]
V  [jvm.dll+0x17d4cb]
V  [jvm.dll+0x1747d8]
V  [jvm.dll+0x1785ff]
V  [jvm.dll+0x132833]
V  [jvm.dll+0x13212f]
V  [jvm.dll+0x132366]
V  [jvm.dll+0x1317fa]
V  [jvm.dll+0x1334c1]
V  [jvm.dll+0x224908]
V  [jvm.dll+0x222a6c]
V  [jvm.dll+0x7859bb]
V  [jvm.dll+0x77ff7a]
V  [jvm.dll+0x66fa35]
C  [ucrtbase.dll+0x21bb2]
C  [KERNEL32.DLL+0x17034]
C  [ntdll.dll+0x52651]


siginfo: EXCEPTION_ACCESS_VIOLATION (0xc0000005), reading address 0x0000000000000008


Register to memory mapping:

RIP=0x00007ffa16c43ff3 jvm.dll
RAX=0x0 is NULL
RBX=0x00000077720fe310 is pointing into the stack for thread: 0x000001da7fc69d00
RCX=0x0 is NULL
RDX=0x000001da1e84a9a0 points into unknown readable memory: 0x0000000a000002b1 | b1 02 00 00 0a 00 00 00
RSP=0x00000077720fdca0 is pointing into the stack for thread: 0x000001da7fc69d00
RBP=0x000001da1e84a9a0 points into unknown readable memory: 0x0000000a000002b1 | b1 02 00 00 0a 00 00 00
RSI=0x0 is NULL
RDI=0xffffffffffffffff is an unknown value
R8 =0x00000000ffffffff is an unknown value
R9 =0x000001da7fc60240 points into unknown readable memory: 0x7fffffff7fffffff | ff ff ff 7f ff ff ff 7f
R10=0x000001da7fc60250 points into unknown readable memory: 0x00000063ffffffff | ff ff ff ff 63 00 00 00
R11=0x000001da7fc60250 points into unknown readable memory: 0x00000063ffffffff | ff ff ff ff 63 00 00 00
R12=0x0000000000000001 is an unknown value
R13=0x00000077720ff5c0 is pointing into the stack for thread: 0x000001da7fc69d00
R14=0x00000000ffffffff is an unknown value
R15=0x00000000ffffffff is an unknown value


Registers:
RAX=0x0000000000000000, RBX=0x00000077720fe310, RCX=0x0000000000000000, RDX=0x000001da1e84a9a0
RSP=0x00000077720fdca0, RBP=0x000001da1e84a9a0, RSI=0x0000000000000000, RDI=0xffffffffffffffff
R8 =0x00000000ffffffff, R9 =0x000001da7fc60240, R10=0x000001da7fc60250, R11=0x000001da7fc60250
R12=0x0000000000000001, R13=0x00000077720ff5c0, R14=0x00000000ffffffff, R15=0x00000000ffffffff
RIP=0x00007ffa16c43ff3, EFLAGS=0x0000000000010287

Top of Stack: (sp=0x00000077720fdca0)
0x00000077720fdca0:   00000077720fe310 000000000000002d
0x00000077720fdcb0:   00000077720fe310 0000000000000000
0x00000077720fdcc0:   00000077ffffffff 00000077720fdd10
0x00000077720fdcd0:   0000000000000000 00000077720ff5c0
0x00000077720fdce0:   000001da7fc2d260 00000077720fe310
0x00000077720fdcf0:   00000077720fe310 000000007fffff01
0x00000077720fdd00:   000001da1e84a9a0 00007ffa16c43697
0x00000077720fdd10:   0000000000000000 000001da1e84a9a0
0x00000077720fdd20:   000001da1c957e70 000001da7fc60250
0x00000077720fdd30:   0000000000000000 000000007fffffff
0x00000077720fdd40:   0000000000000000 00007ffa16c4d4cb
0x00000077720fdd50:   00000077720fe310 000001da1c957e70
0x00000077720fdd60:   000001da077d7490 0000000000000000
0x00000077720fdd70:   000001da7fc60250 00007ffa16c447d8
0x00000077720fdd80:   000001da7fc60250 000001da1ba0a880
0x00000077720fdd90:   000001da1e84a9a0 000001da1ba0a880 

Instructions: (pc=0x00007ffa16c43ff3)
0x00007ffa16c43ef3:   04 75 0b 48 8b 40 08 49 3b c1 75 c1 eb 63 3b 51
0x00007ffa16c43f03:   04 75 0b 48 8b 49 08 49 3b c9 75 b1 eb 53 41 8b
0x00007ffa16c43f13:   d0 83 fa ff 74 4b 8b 4b 58 8b c1 4d 63 42 3c 44
0x00007ffa16c43f23:   3b c1 7c 1f 44 3b 43 5c 7f 19 42 39 54 83 68 4e
0x00007ffa16c43f33:   8d 04 83 7e 0e 41 89 50 68 8b 43 58 4c 8b 0d e2
0x00007ffa16c43f43:   81 96 00 49 63 4a 40 3b c8 7c 16 3b 4b 5c 7f 11
0x00007ffa16c43f53:   39 54 8b 68 7e 0b 89 54 8b 68 4c 8b 0d c4 81 96
0x00007ffa16c43f63:   00 4d 8b 52 30 4c 3b 15 c1 81 96 00 0f 85 3b ff
0x00007ffa16c43f73:   ff ff 48 8b 85 80 00 00 00 48 c7 c7 ff ff ff ff
0x00007ffa16c43f83:   4c 89 b4 24 80 00 00 00 48 85 c0 74 3a 83 78 3c
0x00007ffa16c43f93:   37 0f 86 db 00 00 00 48 8b 48 60 48 85 c9 74 27
0x00007ffa16c43fa3:   48 63 01 85 c0 7e 20 48 8b 49 08 48 8b d0 48 8b
0x00007ffa16c43fb3:   01 83 78 3c 37 0f 86 ae 00 00 00 48 ff c6 48 83
0x00007ffa16c43fc3:   c1 08 48 3b f2 7c e7 44 8b c7 44 8b f7 48 8b 4d
0x00007ffa16c43fd3:   08 44 8b 7d 44 44 8b 21 41 ff c4 44 3b ff 75 21
0x00007ffa16c43fe3:   48 8b 41 08 49 3b c1 74 10 0f 1f 40 00 48 8b c8
0x00007ffa16c43ff3:   48 8b 40 08 49 3b c1 75 f4 44 8b 79 04 44 89 7d
0x00007ffa16c44003:   44 45 32 ed 44 88 6c 24 70 44 38 6b 64 0f 84 ea
0x00007ffa16c44013:   00 00 00 48 63 53 58 8b ef 8b 73 5c 3b d6 0f 8d
0x00007ffa16c44023:   35 01 00 00 4d 63 c8 48 8b c2 4c 8d 43 6c 4c 8b
0x00007ffa16c44033:   d7 4d 8d 04 90 4c 8b df 0f 1f 44 00 00 41 8b 48
0x00007ffa16c44043:   fc 41 3b cf 7c 50 45 39 38 7c 4b 49 83 fa ff 74
0x00007ffa16c44053:   11 49 3b c1 74 0c 42 3b 4c 93 68 7d 5f 4d 3b d1
0x00007ffa16c44063:   74 5a 8b fa 4c 8b d0 eb 53 48 85 c0 0f 84 55 ff
0x00007ffa16c44073:   ff ff 83 7b 60 02 44 8b 40 3c 44 8b 70 40 0f 85
0x00007ffa16c44083:   49 ff ff ff 83 38 10 0f 8d 40 ff ff ff 45 8d 70
0x00007ffa16c44093:   01 e9 37 ff ff ff 41 3b cc 7e 21 45 39 20 7e 1c
0x00007ffa16c440a3:   49 83 fb ff 74 11 49 3b c1 74 0c 42 3b 4c 9b 68
0x00007ffa16c440b3:   7e 0a 4d 3b d9 74 05 8b ea 4c 8b d8 83 c2 02 48
0x00007ffa16c440c3:   83 c0 02 49 83 c0 08 3b d6 0f 8c 6e ff ff ff 83
0x00007ffa16c440d3:   ff ff 74 06 8b ef ff c7 eb 0b 83 fd ff 74 7a 41
0x00007ffa16c440e3:   b5 01 8d 7d 01 48 63 c7 8b 74 83 68 48 63 c5 39 


Stack slot to memory mapping:
stack at sp + 0 slots: 0x00000077720fe310 is pointing into the stack for thread: 0x000001da7fc69d00
stack at sp + 1 slots: 0x000000000000002d is an unknown value
stack at sp + 2 slots: 0x00000077720fe310 is pointing into the stack for thread: 0x000001da7fc69d00
stack at sp + 3 slots: 0x0 is NULL
stack at sp + 4 slots: 0x00000077ffffffff is an unknown value
stack at sp + 5 slots: 0x00000077720fdd10 is pointing into the stack for thread: 0x000001da7fc69d00
stack at sp + 6 slots: 0x0 is NULL
stack at sp + 7 slots: 0x00000077720ff5c0 is pointing into the stack for thread: 0x000001da7fc69d00


---------------  P R O C E S S  ---------------

Threads class SMR info:
_java_thread_list=0x000001da1a6b6bd0, length=15, elements={
0x000001da78cf4f30, 0x000001da7fc365f0, 0x000001da7fc37370, 0x000001da7fc4d4a0,
0x000001da7fc50e80, 0x000001da7fc51740, 0x000001da7fc53a80, 0x000001da7fc5f7d0,
0x000001da7fc69d00, 0x000001da7fc6c220, 0x000001da1a0adaf0, 0x000001da1a1e4650,
0x000001da1a1e4b20, 0x000001da1a88b930, 0x000001da1a93edf0
}

Java Threads: ( => current thread )
  0x000001da78cf4f30 JavaThread "main" [_thread_in_vm, id=5784, stack(0x0000007771200000,0x0000007771300000)]
  0x000001da7fc365f0 JavaThread "Reference Handler" daemon [_thread_blocked, id=3912, stack(0x0000007771900000,0x0000007771a00000)]
  0x000001da7fc37370 JavaThread "Finalizer" daemon [_thread_blocked, id=4032, stack(0x0000007771a00000,0x0000007771b00000)]
  0x000001da7fc4d4a0 JavaThread "Signal Dispatcher" daemon [_thread_blocked, id=3960, stack(0x0000007771b00000,0x0000007771c00000)]
  0x000001da7fc50e80 JavaThread "Attach Listener" daemon [_thread_blocked, id=4388, stack(0x0000007771c00000,0x0000007771d00000)]
  0x000001da7fc51740 JavaThread "Service Thread" daemon [_thread_blocked, id=4080, stack(0x0000007771d00000,0x0000007771e00000)]
  0x000001da7fc53a80 JavaThread "Monitor Deflation Thread" daemon [_thread_blocked, id=4376, stack(0x0000007771e00000,0x0000007771f00000)]
  0x000001da7fc5f7d0 JavaThread "C2 CompilerThread0" daemon [_thread_blocked, id=4552, stack(0x0000007771f00000,0x0000007772000000)]
=>0x000001da7fc69d00 JavaThread "C1 CompilerThread0" daemon [_thread_in_native, id=5404, stack(0x0000007772000000,0x0000007772100000)]
  0x000001da7fc6c220 JavaThread "Sweeper thread" daemon [_thread_blocked, id=5484, stack(0x0000007772100000,0x0000007772200000)]
  0x000001da1a0adaf0 JavaThread "Common-Cleaner" daemon [_thread_blocked, id=5080, stack(0x0000007772200000,0x0000007772300000)]
  0x000001da1a1e4650 JavaThread "Monitor Ctrl-Break" daemon [_thread_in_native, id=11612, stack(0x0000007772300000,0x0000007772400000)]
  0x000001da1a1e4b20 JavaThread "Notification Thread" daemon [_thread_blocked, id=3368, stack(0x0000007772400000,0x0000007772500000)]
  0x000001da1a88b930 JavaThread "C2 CompilerThread1" daemon [_thread_blocked, id=5160, stack(0x0000007772600000,0x0000007772700000)]
  0x000001da1a93edf0 JavaThread "C2 CompilerThread2" daemon [_thread_in_native, id=1664, stack(0x0000007772f00000,0x0000007773000000)]

Other Threads:
  0x000001da7fc2f6d0 VMThread "VM Thread" [stack: 0x0000007771800000,0x0000007771900000] [id=2688]
  0x000001da78d54220 WatcherThread [stack: 0x0000007772500000,0x0000007772600000] [id=6068]
  0x000001da78d37a30 GCTaskThread "GC Thread#0" [stack: 0x0000007771300000,0x0000007771400000] [id=4888]
  0x000001da1ae212d0 GCTaskThread "GC Thread#1" [stack: 0x0000007772700000,0x0000007772800000] [id=4864]
  0x000001da1a944740 GCTaskThread "GC Thread#2" [stack: 0x0000007772800000,0x0000007772900000] [id=4860]
  0x000001da1a9449f0 GCTaskThread "GC Thread#3" [stack: 0x0000007772900000,0x0000007772a00000] [id=4872]
  0x000001da1a8c5da0 GCTaskThread "GC Thread#4" [stack: 0x0000007772a00000,0x0000007772b00000] [id=4856]
  0x000001da1b204e40 GCTaskThread "GC Thread#5" [stack: 0x0000007772b00000,0x0000007772c00000] [id=4876]
  0x000001da1a886b40 GCTaskThread "GC Thread#6" [stack: 0x0000007772c00000,0x0000007772d00000] [id=5296]
  0x000001da1a887ea0 GCTaskThread "GC Thread#7" [stack: 0x0000007772d00000,0x0000007772e00000] [id=5348]
  0x000001da78d44640 ConcurrentGCThread "G1 Main Marker" [stack: 0x0000007771400000,0x0000007771500000] [id=5928]
  0x000001da78d45700 ConcurrentGCThread "G1 Conc#0" [stack: 0x0000007771500000,0x0000007771600000] [id=3732]
  0x000001da78dba560 ConcurrentGCThread "G1 Refine#0" [stack: 0x0000007771600000,0x0000007771700000] [id=5392]
  0x000001da1aa8d5c0 ConcurrentGCThread "G1 Refine#1" [stack: 0x0000007772e00000,0x0000007772f00000] [id=3788]
  0x000001da78dbae90 ConcurrentGCThread "G1 Service" [stack: 0x0000007771700000,0x0000007771800000] [id=3916]

Threads with active compile tasks:
C1 CompilerThread0     6936 2608       3       groovyjarjarasm.asm.Frame::putAbstractType (379 bytes)
C2 CompilerThread2     6936 2515       4       groovy.lang.MetaClassImpl$1MOPIter::methodNameAction (325 bytes)

VM state: not at safepoint (normal execution)

VM Mutex/Monitor currently owned by a thread: None

Heap address: 0x0000000742400000, size: 3036 MB, Compressed Oops mode: Zero based, Oop shift amount: 3

CDS archive(s) mapped at: [0x0000000800000000-0x0000000800bc0000-0x0000000800bc0000), size 12320768, SharedBaseAddress: 0x0000000800000000, ArchiveRelocationMode: 0.
Compressed class space mapped at: 0x0000000800c00000-0x0000000840c00000, reserved size: 1073741824
Narrow klass base: 0x0000000800000000, Narrow klass shift: 0, Narrow klass range: 0x100000000

GC Precious Log:
 CPUs: 8 total, 8 available
 Memory: 12143M
 Large Page Support: Disabled
 NUMA Support: Disabled
 Compressed Oops: Enabled (Zero based)
 Heap Region Size: 2M
 Heap Min Capacity: 8M
 Heap Initial Capacity: 190M
 Heap Max Capacity: 3036M
 Pre-touch: Disabled
 Parallel Workers: 8
 Concurrent Workers: 2
 Concurrent Refinement Workers: 8
 Periodic GC: Disabled

Heap:
 garbage-first heap   total 194560K, used 18972K [0x0000000742400000, 0x0000000800000000)
  region size 2048K, 7 young (14336K), 4 survivors (8192K)
 Metaspace       used 14725K, committed 15104K, reserved 1064960K
  class space    used 1703K, committed 1856K, reserved 1048576K

Heap Regions: E=young(eden), S=young(survivor), O=old, HS=humongous(starts), HC=humongous(continues), CS=collection set, F=free, OA=open archive, CA=closed archive, TAMS=top-at-mark-start (previous, next)
|   0|0x0000000742400000, 0x0000000742600000, 0x0000000742600000|100%| O|  |TAMS 0x0000000742400000, 0x0000000742400000| Untracked 
|   1|0x0000000742600000, 0x0000000742800000, 0x0000000742800000|100%| O|  |TAMS 0x0000000742600000, 0x0000000742600000| Untracked 
|   2|0x0000000742800000, 0x0000000742a00000, 0x0000000742a00000|100%| O|  |TAMS 0x0000000742800000, 0x0000000742800000| Untracked 
|   3|0x0000000742a00000, 0x0000000742a00000, 0x0000000742c00000|  0%| F|  |TAMS 0x0000000742a00000, 0x0000000742a00000| Untracked 
|   4|0x0000000742c00000, 0x0000000742c87200, 0x0000000742e00000| 26%| O|  |TAMS 0x0000000742c00000, 0x0000000742c00000| Untracked 
|   5|0x0000000742e00000, 0x0000000742e00000, 0x0000000743000000|  0%| F|  |TAMS 0x0000000742e00000, 0x0000000742e00000| Untracked 
|   6|0x0000000743000000, 0x0000000743000000, 0x0000000743200000|  0%| F|  |TAMS 0x0000000743000000, 0x0000000743000000| Untracked 
|   7|0x0000000743200000, 0x0000000743200000, 0x0000000743400000|  0%| F|  |TAMS 0x0000000743200000, 0x0000000743200000| Untracked 
|   8|0x0000000743400000, 0x0000000743400000, 0x0000000743600000|  0%| F|  |TAMS 0x0000000743400000, 0x0000000743400000| Untracked 
|   9|0x0000000743600000, 0x0000000743600000, 0x0000000743800000|  0%| F|  |TAMS 0x0000000743600000, 0x0000000743600000| Untracked 
|  10|0x0000000743800000, 0x0000000743800000, 0x0000000743a00000|  0%| F|  |TAMS 0x0000000743800000, 0x0000000743800000| Untracked 
|  11|0x0000000743a00000, 0x0000000743a00000, 0x0000000743c00000|  0%| F|  |TAMS 0x0000000743a00000, 0x0000000743a00000| Untracked 
|  12|0x0000000743c00000, 0x0000000743c00000, 0x0000000743e00000|  0%| F|  |TAMS 0x0000000743c00000, 0x0000000743c00000| Untracked 
|  13|0x0000000743e00000, 0x0000000743e00000, 0x0000000744000000|  0%| F|  |TAMS 0x0000000743e00000, 0x0000000743e00000| Untracked 
|  14|0x0000000744000000, 0x0000000744000000, 0x0000000744200000|  0%| F|  |TAMS 0x0000000744000000, 0x0000000744000000| Untracked 
|  15|0x0000000744200000, 0x0000000744200000, 0x0000000744400000|  0%| F|  |TAMS 0x0000000744200000, 0x0000000744200000| Untracked 
|  16|0x0000000744400000, 0x0000000744400000, 0x0000000744600000|  0%| F|  |TAMS 0x0000000744400000, 0x0000000744400000| Untracked 
|  17|0x0000000744600000, 0x0000000744600000, 0x0000000744800000|  0%| F|  |TAMS 0x0000000744600000, 0x0000000744600000| Untracked 
|  18|0x0000000744800000, 0x0000000744800000, 0x0000000744a00000|  0%| F|  |TAMS 0x0000000744800000, 0x0000000744800000| Untracked 
|  19|0x0000000744a00000, 0x0000000744a00000, 0x0000000744c00000|  0%| F|  |TAMS 0x0000000744a00000, 0x0000000744a00000| Untracked 
|  20|0x0000000744c00000, 0x0000000744c00000, 0x0000000744e00000|  0%| F|  |TAMS 0x0000000744c00000, 0x0000000744c00000| Untracked 
|  21|0x0000000744e00000, 0x0000000744e00000, 0x0000000745000000|  0%| F|  |TAMS 0x0000000744e00000, 0x0000000744e00000| Untracked 
|  22|0x0000000745000000, 0x0000000745000000, 0x0000000745200000|  0%| F|  |TAMS 0x0000000745000000, 0x0000000745000000| Untracked 
|  23|0x0000000745200000, 0x0000000745200000, 0x0000000745400000|  0%| F|  |TAMS 0x0000000745200000, 0x0000000745200000| Untracked 
|  24|0x0000000745400000, 0x0000000745400000, 0x0000000745600000|  0%| F|  |TAMS 0x0000000745400000, 0x0000000745400000| Untracked 
|  25|0x0000000745600000, 0x0000000745600000, 0x0000000745800000|  0%| F|  |TAMS 0x0000000745600000, 0x0000000745600000| Untracked 
|  26|0x0000000745800000, 0x0000000745800000, 0x0000000745a00000|  0%| F|  |TAMS 0x0000000745800000, 0x0000000745800000| Untracked 
|  27|0x0000000745a00000, 0x0000000745a00000, 0x0000000745c00000|  0%| F|  |TAMS 0x0000000745a00000, 0x0000000745a00000| Untracked 
|  28|0x0000000745c00000, 0x0000000745c00000, 0x0000000745e00000|  0%| F|  |TAMS 0x0000000745c00000, 0x0000000745c00000| Untracked 
|  29|0x0000000745e00000, 0x0000000745e00000, 0x0000000746000000|  0%| F|  |TAMS 0x0000000745e00000, 0x0000000745e00000| Untracked 
|  30|0x0000000746000000, 0x0000000746000000, 0x0000000746200000|  0%| F|  |TAMS 0x0000000746000000, 0x0000000746000000| Untracked 
|  31|0x0000000746200000, 0x0000000746200000, 0x0000000746400000|  0%| F|  |TAMS 0x0000000746200000, 0x0000000746200000| Untracked 
|  32|0x0000000746400000, 0x0000000746400000, 0x0000000746600000|  0%| F|  |TAMS 0x0000000746400000, 0x0000000746400000| Untracked 
|  33|0x0000000746600000, 0x0000000746600000, 0x0000000746800000|  0%| F|  |TAMS 0x0000000746600000, 0x0000000746600000| Untracked 
|  34|0x0000000746800000, 0x0000000746800000, 0x0000000746a00000|  0%| F|  |TAMS 0x0000000746800000, 0x0000000746800000| Untracked 
|  35|0x0000000746a00000, 0x0000000746a00000, 0x0000000746c00000|  0%| F|  |TAMS 0x0000000746a00000, 0x0000000746a00000| Untracked 
|  36|0x0000000746c00000, 0x0000000746c00000, 0x0000000746e00000|  0%| F|  |TAMS 0x0000000746c00000, 0x0000000746c00000| Untracked 
|  37|0x0000000746e00000, 0x0000000746e00000, 0x0000000747000000|  0%| F|  |TAMS 0x0000000746e00000, 0x0000000746e00000| Untracked 
|  38|0x0000000747000000, 0x0000000747000000, 0x0000000747200000|  0%| F|  |TAMS 0x0000000747000000, 0x0000000747000000| Untracked 
|  39|0x0000000747200000, 0x0000000747200000, 0x0000000747400000|  0%| F|  |TAMS 0x0000000747200000, 0x0000000747200000| Untracked 
|  40|0x0000000747400000, 0x0000000747400000, 0x0000000747600000|  0%| F|  |TAMS 0x0000000747400000, 0x0000000747400000| Untracked 
|  41|0x0000000747600000, 0x0000000747600000, 0x0000000747800000|  0%| F|  |TAMS 0x0000000747600000, 0x0000000747600000| Untracked 
|  42|0x0000000747800000, 0x0000000747800000, 0x0000000747a00000|  0%| F|  |TAMS 0x0000000747800000, 0x0000000747800000| Untracked 
|  43|0x0000000747a00000, 0x0000000747a00000, 0x0000000747c00000|  0%| F|  |TAMS 0x0000000747a00000, 0x0000000747a00000| Untracked 
|  44|0x0000000747c00000, 0x0000000747c00000, 0x0000000747e00000|  0%| F|  |TAMS 0x0000000747c00000, 0x0000000747c00000| Untracked 
|  45|0x0000000747e00000, 0x0000000747e00000, 0x0000000748000000|  0%| F|  |TAMS 0x0000000747e00000, 0x0000000747e00000| Untracked 
|  46|0x0000000748000000, 0x0000000748000000, 0x0000000748200000|  0%| F|  |TAMS 0x0000000748000000, 0x0000000748000000| Untracked 
|  47|0x0000000748200000, 0x0000000748200000, 0x0000000748400000|  0%| F|  |TAMS 0x0000000748200000, 0x0000000748200000| Untracked 
|  48|0x0000000748400000, 0x0000000748400000, 0x0000000748600000|  0%| F|  |TAMS 0x0000000748400000, 0x0000000748400000| Untracked 
|  49|0x0000000748600000, 0x0000000748600000, 0x0000000748800000|  0%| F|  |TAMS 0x0000000748600000, 0x0000000748600000| Untracked 
|  50|0x0000000748800000, 0x0000000748800000, 0x0000000748a00000|  0%| F|  |TAMS 0x0000000748800000, 0x0000000748800000| Untracked 
|  51|0x0000000748a00000, 0x0000000748a00000, 0x0000000748c00000|  0%| F|  |TAMS 0x0000000748a00000, 0x0000000748a00000| Untracked 
|  52|0x0000000748c00000, 0x0000000748c00000, 0x0000000748e00000|  0%| F|  |TAMS 0x0000000748c00000, 0x0000000748c00000| Untracked 
|  53|0x0000000748e00000, 0x0000000748e00000, 0x0000000749000000|  0%| F|  |TAMS 0x0000000748e00000, 0x0000000748e00000| Untracked 
|  54|0x0000000749000000, 0x0000000749000000, 0x0000000749200000|  0%| F|  |TAMS 0x0000000749000000, 0x0000000749000000| Untracked 
|  55|0x0000000749200000, 0x0000000749200000, 0x0000000749400000|  0%| F|  |TAMS 0x0000000749200000, 0x0000000749200000| Untracked 
|  56|0x0000000749400000, 0x0000000749400000, 0x0000000749600000|  0%| F|  |TAMS 0x0000000749400000, 0x0000000749400000| Untracked 
|  57|0x0000000749600000, 0x0000000749600000, 0x0000000749800000|  0%| F|  |TAMS 0x0000000749600000, 0x0000000749600000| Untracked 
|  58|0x0000000749800000, 0x0000000749800000, 0x0000000749a00000|  0%| F|  |TAMS 0x0000000749800000, 0x0000000749800000| Untracked 
|  59|0x0000000749a00000, 0x0000000749a00000, 0x0000000749c00000|  0%| F|  |TAMS 0x0000000749a00000, 0x0000000749a00000| Untracked 
|  60|0x0000000749c00000, 0x0000000749e00000, 0x0000000749e00000|100%| S|CS|TAMS 0x0000000749c00000, 0x0000000749c00000| Complete 
|  61|0x0000000749e00000, 0x000000074a000000, 0x000000074a000000|100%| S|CS|TAMS 0x0000000749e00000, 0x0000000749e00000| Complete 
|  62|0x000000074a000000, 0x000000074a200000, 0x000000074a200000|100%| S|CS|TAMS 0x000000074a000000, 0x000000074a000000| Complete 
|  63|0x000000074a200000, 0x000000074a400000, 0x000000074a400000|100%| S|CS|TAMS 0x000000074a200000, 0x000000074a200000| Complete 
|  64|0x000000074a400000, 0x000000074a400000, 0x000000074a600000|  0%| F|  |TAMS 0x000000074a400000, 0x000000074a400000| Untracked 
|  65|0x000000074a600000, 0x000000074a600000, 0x000000074a800000|  0%| F|  |TAMS 0x000000074a600000, 0x000000074a600000| Untracked 
|  66|0x000000074a800000, 0x000000074a800000, 0x000000074aa00000|  0%| F|  |TAMS 0x000000074a800000, 0x000000074a800000| Untracked 
|  67|0x000000074aa00000, 0x000000074aa00000, 0x000000074ac00000|  0%| F|  |TAMS 0x000000074aa00000, 0x000000074aa00000| Untracked 
|  68|0x000000074ac00000, 0x000000074ac00000, 0x000000074ae00000|  0%| F|  |TAMS 0x000000074ac00000, 0x000000074ac00000| Untracked 
|  69|0x000000074ae00000, 0x000000074ae00000, 0x000000074b000000|  0%| F|  |TAMS 0x000000074ae00000, 0x000000074ae00000| Untracked 
|  70|0x000000074b000000, 0x000000074b000000, 0x000000074b200000|  0%| F|  |TAMS 0x000000074b000000, 0x000000074b000000| Untracked 
|  71|0x000000074b200000, 0x000000074b200000, 0x000000074b400000|  0%| F|  |TAMS 0x000000074b200000, 0x000000074b200000| Untracked 
|  72|0x000000074b400000, 0x000000074b400000, 0x000000074b600000|  0%| F|  |TAMS 0x000000074b400000, 0x000000074b400000| Untracked 
|  73|0x000000074b600000, 0x000000074b600000, 0x000000074b800000|  0%| F|  |TAMS 0x000000074b600000, 0x000000074b600000| Untracked 
|  74|0x000000074b800000, 0x000000074b800000, 0x000000074ba00000|  0%| F|  |TAMS 0x000000074b800000, 0x000000074b800000| Untracked 
|  75|0x000000074ba00000, 0x000000074ba00000, 0x000000074bc00000|  0%| F|  |TAMS 0x000000074ba00000, 0x000000074ba00000| Untracked 
|  76|0x000000074bc00000, 0x000000074bc00000, 0x000000074be00000|  0%| F|  |TAMS 0x000000074bc00000, 0x000000074bc00000| Untracked 
|  77|0x000000074be00000, 0x000000074be00000, 0x000000074c000000|  0%| F|  |TAMS 0x000000074be00000, 0x000000074be00000| Untracked 
|  78|0x000000074c000000, 0x000000074c000000, 0x000000074c200000|  0%| F|  |TAMS 0x000000074c000000, 0x000000074c000000| Untracked 
|  79|0x000000074c200000, 0x000000074c200000, 0x000000074c400000|  0%| F|  |TAMS 0x000000074c200000, 0x000000074c200000| Untracked 
|  80|0x000000074c400000, 0x000000074c400000, 0x000000074c600000|  0%| F|  |TAMS 0x000000074c400000, 0x000000074c400000| Untracked 
|  81|0x000000074c600000, 0x000000074c600000, 0x000000074c800000|  0%| F|  |TAMS 0x000000074c600000, 0x000000074c600000| Untracked 
|  82|0x000000074c800000, 0x000000074c800000, 0x000000074ca00000|  0%| F|  |TAMS 0x000000074c800000, 0x000000074c800000| Untracked 
|  83|0x000000074ca00000, 0x000000074ca00000, 0x000000074cc00000|  0%| F|  |TAMS 0x000000074ca00000, 0x000000074ca00000| Untracked 
|  84|0x000000074cc00000, 0x000000074cc00000, 0x000000074ce00000|  0%| F|  |TAMS 0x000000074cc00000, 0x000000074cc00000| Untracked 
|  85|0x000000074ce00000, 0x000000074ce00000, 0x000000074d000000|  0%| F|  |TAMS 0x000000074ce00000, 0x000000074ce00000| Untracked 
|  86|0x000000074d000000, 0x000000074d000000, 0x000000074d200000|  0%| F|  |TAMS 0x000000074d000000, 0x000000074d000000| Untracked 
|  87|0x000000074d200000, 0x000000074d200000, 0x000000074d400000|  0%| F|  |TAMS 0x000000074d200000, 0x000000074d200000| Untracked 
|  88|0x000000074d400000, 0x000000074d400000, 0x000000074d600000|  0%| F|  |TAMS 0x000000074d400000, 0x000000074d400000| Untracked 
|  89|0x000000074d600000, 0x000000074d600000, 0x000000074d800000|  0%| F|  |TAMS 0x000000074d600000, 0x000000074d600000| Untracked 
|  90|0x000000074d800000, 0x000000074d800000, 0x000000074da00000|  0%| F|  |TAMS 0x000000074d800000, 0x000000074d800000| Untracked 
|  91|0x000000074da00000, 0x000000074da00000, 0x000000074dc00000|  0%| F|  |TAMS 0x000000074da00000, 0x000000074da00000| Untracked 
|  92|0x000000074dc00000, 0x000000074de00000, 0x000000074de00000|100%| E|  |TAMS 0x000000074dc00000, 0x000000074dc00000| Complete 
|  93|0x000000074de00000, 0x000000074e000000, 0x000000074e000000|100%| E|CS|TAMS 0x000000074de00000, 0x000000074de00000| Complete 
|  94|0x000000074e000000, 0x000000074e200000, 0x000000074e200000|100%| E|CS|TAMS 0x000000074e000000, 0x000000074e000000| Complete 

Card table byte_map: [0x000001da796f0000,0x000001da79ce0000] _byte_map_base: 0x000001da75cde000

Marking Bits (Prev, Next): (CMBitMap*) 0x000001da78d37f50, (CMBitMap*) 0x000001da78d37f90
 Prev Bits: [0x000001da7a2d0000, 0x000001da7d240000)
 Next Bits: [0x000001da16770000, 0x000001da196e0000)

Polling page: 0x000001da784d0000

Metaspace:

Usage:
  Non-class:     12.74 MB used.
      Class:      1.67 MB used.
       Both:     14.41 MB used.

Virtual space:
  Non-class space:       16.00 MB reserved,      13.00 MB ( 81%) committed,  2 nodes.
      Class space:        1.00 GB reserved,       1.81 MB ( <1%) committed,  1 nodes.
             Both:        1.02 GB reserved,      14.81 MB (  1%) committed. 

Chunk freelists:
   Non-Class:  2.42 MB
       Class:  2.16 MB
        Both:  4.58 MB

MaxMetaspaceSize: unlimited
CompressedClassSpaceSize: 1.00 GB
Initial GC threshold: 21.00 MB
Current GC threshold: 21.00 MB
CDS: on
MetaspaceReclaimPolicy: balanced
 - commit_granule_bytes: 65536.
 - commit_granule_words: 8192.
 - virtual_space_node_default_size: 1048576.
 - enlarge_chunks_in_place: 1.
 - new_chunks_are_fully_committed: 0.
 - uncommit_free_chunks: 1.
 - use_allocation_guard: 0.
 - handle_deallocations: 1.


Internal statistics:

num_allocs_failed_limit: 0.
num_arena_births: 250.
num_arena_deaths: 0.
num_vsnodes_births: 3.
num_vsnodes_deaths: 0.
num_space_committed: 237.
num_space_uncommitted: 0.
num_chunks_returned_to_freelist: 0.
num_chunks_taken_from_freelist: 768.
num_chunk_merges: 0.
num_chunk_splits: 476.
num_chunks_enlarged: 291.
num_purges: 0.
num_inconsistent_stats: 0.

CodeHeap 'non-profiled nmethods': size=120000Kb used=1331Kb max_used=1331Kb free=118669Kb
 bounds [0x000001da0f240000, 0x000001da0f4b0000, 0x000001da16770000]
CodeHeap 'profiled nmethods': size=120000Kb used=5153Kb max_used=5153Kb free=114846Kb
 bounds [0x000001da07d10000, 0x000001da08220000, 0x000001da0f240000]
CodeHeap 'non-nmethods': size=5760Kb used=2225Kb max_used=2264Kb free=3534Kb
 bounds [0x000001da07770000, 0x000001da079e0000, 0x000001da07d10000]
 total_blobs=3333 nmethods=2620 adapters=625
 compilation: enabled
              stopped_count=0, restarted_count=0
 full_count=0

Compilation events (20 events):
Event: 6.777 Thread 0x000001da7fc69d00 2605       3       sun.reflect.generics.parser.SignatureParser::parseFormalParameters (49 bytes)
Event: 6.777 Thread 0x000001da7fc69d00 nmethod 2605 0x000001da08216f90 code [0x000001da08217180, 0x000001da082174a8]
Event: 6.777 Thread 0x000001da7fc69d00 2606       3       groovy.lang.MetaClassImpl::addFields (41 bytes)
Event: 6.778 Thread 0x000001da7fc69d00 nmethod 2606 0x000001da08217610 code [0x000001da08217800, 0x000001da08217f38]
Event: 6.778 Thread 0x000001da7fc69d00 2607       3       org.codehaus.groovy.reflection.CachedClass::getFields (11 bytes)
Event: 6.778 Thread 0x000001da7fc69d00 nmethod 2607 0x000001da08218210 code [0x000001da082183c0, 0x000001da08218688]
Event: 6.778 Thread 0x000001da7fc69d00 2608       3       groovyjarjarasm.asm.Frame::putAbstractType (379 bytes)
Event: 6.781 Thread 0x000001da1a88b930 2609       4       java.lang.invoke.DirectMethodHandle$Holder::newInvokeSpecial (21 bytes)
Event: 6.783 Thread 0x000001da1a88b930 nmethod 2609 0x000001da0f37d510 code [0x000001da0f37d6a0, 0x000001da0f37d888]
Event: 6.783 Thread 0x000001da1a88b930 2610       4       java.util.LinkedHashMap$LinkedValueIterator::next (8 bytes)
Event: 6.785 Thread 0x000001da1a88b930 nmethod 2610 0x000001da0f37da90 code [0x000001da0f37dc00, 0x000001da0f37de98]
Event: 6.787 Thread 0x000001da1a88b930 2614       4       groovyjarjarasm.asm.SymbolTable::addConstantUtf8 (98 bytes)
Event: 6.819 Thread 0x000001da1a88b930 nmethod 2614 0x000001da0f37df90 code [0x000001da0f37e160, 0x000001da0f37f238]
Event: 6.819 Thread 0x000001da1a88b930 2616       4       java.lang.Class::getGenericInfo (52 bytes)
Event: 6.821 Thread 0x000001da1a88b930 nmethod 2616 0x000001da0f37fa90 code [0x000001da0f37fc40, 0x000001da0f37fe28]
Event: 6.821 Thread 0x000001da1a88b930 2619       4       java.util.Collections$UnmodifiableCollection$1::next (10 bytes)
Event: 6.823 Thread 0x000001da7fc5f7d0 nmethod 2568 0x000001da0f37ff10 code [0x000001da0f3802a0, 0x000001da0f3830a0]
Event: 6.823 Thread 0x000001da7fc5f7d0 2618       4       java.util.ArrayList::iterator (9 bytes)
Event: 6.824 Thread 0x000001da1a88b930 nmethod 2619 0x000001da0f384d10 code [0x000001da0f384ea0, 0x000001da0f385038]
Event: 6.824 Thread 0x000001da7fc5f7d0 nmethod 2618 0x000001da0f385210 code [0x000001da0f3853a0, 0x000001da0f385498]

GC Heap History (6 events):
Event: 4.798 GC heap before
{Heap before GC invocations=0 (full 0):
 garbage-first heap   total 194560K, used 22528K [0x0000000742400000, 0x0000000800000000)
  region size 2048K, 11 young (22528K), 0 survivors (0K)
 Metaspace       used 6753K, committed 6976K, reserved 1056768K
  class space    used 718K, committed 832K, reserved 1048576K
}
Event: 4.805 GC heap after
{Heap after GC invocations=1 (full 0):
 garbage-first heap   total 194560K, used 5786K [0x0000000742400000, 0x0000000800000000)
  region size 2048K, 2 young (4096K), 2 survivors (4096K)
 Metaspace       used 6753K, committed 6976K, reserved 1056768K
  class space    used 718K, committed 832K, reserved 1048576K
}
Event: 5.424 GC heap before
{Heap before GC invocations=1 (full 0):
 garbage-first heap   total 194560K, used 26266K [0x0000000742400000, 0x0000000800000000)
  region size 2048K, 13 young (26624K), 2 survivors (4096K)
 Metaspace       used 8842K, committed 9088K, reserved 1064960K
  class space    used 918K, committed 1024K, reserved 1048576K
}
Event: 5.429 GC heap after
{Heap after GC invocations=2 (full 0):
 garbage-first heap   total 194560K, used 8200K [0x0000000742400000, 0x0000000800000000)
  region size 2048K, 2 young (4096K), 2 survivors (4096K)
 Metaspace       used 8842K, committed 9088K, reserved 1064960K
  class space    used 918K, committed 1024K, reserved 1048576K
}
Event: 6.806 GC heap before
{Heap before GC invocations=2 (full 0):
 garbage-first heap   total 194560K, used 69640K [0x0000000742400000, 0x0000000800000000)
  region size 2048K, 31 young (63488K), 2 survivors (4096K)
 Metaspace       used 14424K, committed 14784K, reserved 1064960K
  class space    used 1652K, committed 1792K, reserved 1048576K
}
Event: 6.818 GC heap after
{Heap after GC invocations=3 (full 0):
 garbage-first heap   total 194560K, used 14876K [0x0000000742400000, 0x0000000800000000)
  region size 2048K, 4 young (8192K), 4 survivors (8192K)
 Metaspace       used 14424K, committed 14784K, reserved 1064960K
  class space    used 1652K, committed 1792K, reserved 1048576K
}

Deoptimization events (20 events):
Event: 6.804 Thread 0x000001da78cf4f30 Uncommon trap: trap_request=0xffffffc6 fr.pc=0x000001da0f361d3c relative=0x000000000000009c
Event: 6.804 Thread 0x000001da78cf4f30 Uncommon trap: reason=bimorphic_or_optimized_type_check action=maybe_recompile pc=0x000001da0f361d3c method=java.util.Collections$UnmodifiableCollection$1.hasNext()Z @ 4 c2
Event: 6.804 Thread 0x000001da78cf4f30 DEOPT PACKING pc=0x000001da0f361d3c sp=0x00000077712f8270
Event: 6.804 Thread 0x000001da78cf4f30 DEOPT UNPACKING pc=0x000001da077c23a3 sp=0x00000077712f8200 mode 2
Event: 6.805 Thread 0x000001da78cf4f30 Uncommon trap: trap_request=0xffffffde fr.pc=0x000001da0f314910 relative=0x0000000000001770
Event: 6.805 Thread 0x000001da78cf4f30 Uncommon trap: reason=class_check action=maybe_recompile pc=0x000001da0f314910 method=java.util.regex.Pattern$CharProperty.study(Ljava/util/regex/Pattern$TreeInfo;)Z @ 25 c2
Event: 6.805 Thread 0x000001da78cf4f30 DEOPT PACKING pc=0x000001da0f314910 sp=0x00000077712f73e0
Event: 6.805 Thread 0x000001da78cf4f30 DEOPT UNPACKING pc=0x000001da077c23a3 sp=0x00000077712f72a8 mode 2
Event: 6.805 Thread 0x000001da78cf4f30 Uncommon trap: trap_request=0xffffffde fr.pc=0x000001da0f2f2e50 relative=0x00000000000004f0
Event: 6.805 Thread 0x000001da78cf4f30 Uncommon trap: reason=class_check action=maybe_recompile pc=0x000001da0f2f2e50 method=java.util.regex.Pattern$BmpCharProperty.match(Ljava/util/regex/Matcher;ILjava/lang/CharSequence;)Z @ 36 c2
Event: 6.805 Thread 0x000001da78cf4f30 DEOPT PACKING pc=0x000001da0f2f2e50 sp=0x00000077712f73d0
Event: 6.805 Thread 0x000001da78cf4f30 DEOPT UNPACKING pc=0x000001da077c23a3 sp=0x00000077712f7338 mode 2
Event: 6.805 Thread 0x000001da78cf4f30 Uncommon trap: trap_request=0xffffff45 fr.pc=0x000001da0f2f2ea0 relative=0x0000000000000540
Event: 6.805 Thread 0x000001da78cf4f30 Uncommon trap: reason=unstable_if action=reinterpret pc=0x000001da0f2f2ea0 method=java.util.regex.Pattern$Start.match(Ljava/util/regex/Matcher;ILjava/lang/CharSequence;)Z @ 10 c2
Event: 6.805 Thread 0x000001da78cf4f30 DEOPT PACKING pc=0x000001da0f2f2ea0 sp=0x00000077712f73d0
Event: 6.805 Thread 0x000001da78cf4f30 DEOPT UNPACKING pc=0x000001da077c23a3 sp=0x00000077712f73c0 mode 2
Event: 6.824 Thread 0x000001da78cf4f30 Uncommon trap: trap_request=0xffffffde fr.pc=0x000001da0f314910 relative=0x0000000000001770
Event: 6.824 Thread 0x000001da78cf4f30 Uncommon trap: reason=class_check action=maybe_recompile pc=0x000001da0f314910 method=java.util.regex.Pattern$CharProperty.study(Ljava/util/regex/Pattern$TreeInfo;)Z @ 25 c2
Event: 6.824 Thread 0x000001da78cf4f30 DEOPT PACKING pc=0x000001da0f314910 sp=0x00000077712f82f0
Event: 6.824 Thread 0x000001da78cf4f30 DEOPT UNPACKING pc=0x000001da077c23a3 sp=0x00000077712f81b8 mode 2

Classes unloaded (0 events):
No events

Classes redefined (0 events):
No events

Internal exceptions (20 events):
Event: 6.776 Thread 0x000001da78cf4f30 Exception <a 'java/lang/ClassNotFoundException'{0x000000074a783dd8}: java/util/regex/PatternBeanInfo> (0x000000074a783dd8) 
thrown [t:\workspace\open\src\hotspot\share\classfile\systemDictionary.cpp, line 256]
Event: 6.777 Thread 0x000001da78cf4f30 Exception <a 'java/lang/ClassNotFoundException'{0x000000074a786028}: java/util/regex/PatternCustomizer> (0x000000074a786028) 
thrown [t:\workspace\open\src\hotspot\share\classfile\systemDictionary.cpp, line 256]
Event: 6.782 Thread 0x000001da78cf4f30 Exception <a 'java/lang/ClassNotFoundException'{0x000000074a43e6d8}: java/util/LinkedHashSetBeanInfo> (0x000000074a43e6d8) 
thrown [t:\workspace\open\src\hotspot\share\classfile\systemDictionary.cpp, line 256]
Event: 6.783 Thread 0x000001da78cf4f30 Exception <a 'java/lang/ClassNotFoundException'{0x000000074a440940}: java/util/HashSetBeanInfo> (0x000000074a440940) 
thrown [t:\workspace\open\src\hotspot\share\classfile\systemDictionary.cpp, line 256]
Event: 6.783 Thread 0x000001da78cf4f30 Exception <a 'java/lang/ClassNotFoundException'{0x000000074a442ba0}: java/util/AbstractSetBeanInfo> (0x000000074a442ba0) 
thrown [t:\workspace\open\src\hotspot\share\classfile\systemDictionary.cpp, line 256]
Event: 6.783 Thread 0x000001da78cf4f30 Exception <a 'java/lang/ClassNotFoundException'{0x000000074a444dd8}: java/util/AbstractSetCustomizer> (0x000000074a444dd8) 
thrown [t:\workspace\open\src\hotspot\share\classfile\systemDictionary.cpp, line 256]
Event: 6.783 Thread 0x000001da78cf4f30 Exception <a 'java/lang/ClassNotFoundException'{0x000000074a44b3a0}: java/util/HashSetCustomizer> (0x000000074a44b3a0) 
thrown [t:\workspace\open\src\hotspot\share\classfile\systemDictionary.cpp, line 256]
Event: 6.784 Thread 0x000001da78cf4f30 Exception <a 'java/lang/ClassNotFoundException'{0x000000074a457950}: java/util/LinkedHashSetCustomizer> (0x000000074a457950) 
thrown [t:\workspace\open\src\hotspot\share\classfile\systemDictionary.cpp, line 256]
Event: 6.786 Thread 0x000001da78cf4f30 Exception <a 'java/lang/ClassNotFoundException'{0x000000074a46a240}: java/util/regex/MatcherBeanInfo> (0x000000074a46a240) 
thrown [t:\workspace\open\src\hotspot\share\classfile\systemDictionary.cpp, line 256]
Event: 6.786 Thread 0x000001da78cf4f30 Exception <a 'java/lang/ClassNotFoundException'{0x000000074a46c490}: java/util/regex/MatcherCustomizer> (0x000000074a46c490) 
thrown [t:\workspace\open\src\hotspot\share\classfile\systemDictionary.cpp, line 256]
Event: 6.791 Thread 0x000001da78cf4f30 Exception <a 'java/lang/ClassNotFoundException'{0x000000074a4a4fa0}: java/util/Collections$UnmodifiableMap$UnmodifiableEntrySet$UnmodifiableEntryBeanInfo> (0x000000074a4a4fa0) 
thrown [t:\workspace\open\src\hotspot\share\classfile\systemDictionary.cpp, line 256]
Event: 6.791 Thread 0x000001da78cf4f30 Exception <a 'java/lang/ClassNotFoundException'{0x000000074a4a72f0}: java/util/Collections$UnmodifiableMap$UnmodifiableEntrySet$UnmodifiableEntryCustomizer> (0x000000074a4a72f0) 
thrown [t:\workspace\open\src\hotspot\share\classfile\systemDictionary.cpp, line 256]
Event: 6.794 Thread 0x000001da78cf4f30 Exception <a 'java/lang/ClassNotFoundException'{0x000000074a598ce0}: java/util/Collections$UnmodifiableRandomAccessListBeanInfo> (0x000000074a598ce0) 
thrown [t:\workspace\open\src\hotspot\share\classfile\systemDictionary.cpp, line 256]
Event: 6.795 Thread 0x000001da78cf4f30 Exception <a 'java/lang/ClassNotFoundException'{0x000000074a59afa0}: java/util/Collections$UnmodifiableListBeanInfo> (0x000000074a59afa0) 
thrown [t:\workspace\open\src\hotspot\share\classfile\systemDictionary.cpp, line 256]
Event: 6.795 Thread 0x000001da78cf4f30 Exception <a 'java/lang/ClassNotFoundException'{0x000000074a59d278}: java/util/Collections$UnmodifiableCollectionBeanInfo> (0x000000074a59d278) 
thrown [t:\workspace\open\src\hotspot\share\classfile\systemDictionary.cpp, line 256]
Event: 6.795 Thread 0x000001da78cf4f30 Exception <a 'java/lang/ClassNotFoundException'{0x000000074a59f528}: java/util/Collections$UnmodifiableCollectionCustomizer> (0x000000074a59f528) 
thrown [t:\workspace\open\src\hotspot\share\classfile\systemDictionary.cpp, line 256]
Event: 6.796 Thread 0x000001da78cf4f30 Exception <a 'java/lang/ClassNotFoundException'{0x000000074a5bd130}: java/util/Collections$UnmodifiableListCustomizer> (0x000000074a5bd130) 
thrown [t:\workspace\open\src\hotspot\share\classfile\systemDictionary.cpp, line 256]
Event: 6.797 Thread 0x000001da78cf4f30 Exception <a 'java/lang/ClassNotFoundException'{0x000000074a5d9110}: java/util/Collections$UnmodifiableRandomAccessListCustomizer> (0x000000074a5d9110) 
thrown [t:\workspace\open\src\hotspot\share\classfile\systemDictionary.cpp, line 256]
Event: 6.818 Thread 0x000001da78cf4f30 Exception <a 'java/lang/ClassNotFoundException'{0x000000074e007d18}: java/lang/MathBeanInfo> (0x000000074e007d18) 
thrown [t:\workspace\open\src\hotspot\share\classfile\systemDictionary.cpp, line 256]
Event: 6.819 Thread 0x000001da78cf4f30 Exception <a 'java/lang/ClassNotFoundException'{0x000000074e0099d8}: java/lang/MathCustomizer> (0x000000074e0099d8) 
thrown [t:\workspace\open\src\hotspot\share\classfile\systemDictionary.cpp, line 256]

VM Operations (20 events):
Event: 4.798 Executing VM operation: G1CollectForAllocation
Event: 4.805 Executing VM operation: G1CollectForAllocation done
Event: 5.080 Executing VM operation: HandshakeAllThreads
Event: 5.080 Executing VM operation: HandshakeAllThreads done
Event: 5.227 Executing VM operation: ICBufferFull
Event: 5.227 Executing VM operation: ICBufferFull done
Event: 5.311 Executing VM operation: HandshakeAllThreads
Event: 5.311 Executing VM operation: HandshakeAllThreads done
Event: 5.315 Executing VM operation: HandshakeAllThreads
Event: 5.315 Executing VM operation: HandshakeAllThreads done
Event: 5.424 Executing VM operation: G1CollectForAllocation
Event: 5.429 Executing VM operation: G1CollectForAllocation done
Event: 6.221 Executing VM operation: HandshakeAllThreads
Event: 6.221 Executing VM operation: HandshakeAllThreads done
Event: 6.359 Executing VM operation: ICBufferFull
Event: 6.359 Executing VM operation: ICBufferFull done
Event: 6.564 Executing VM operation: HandshakeAllThreads
Event: 6.564 Executing VM operation: HandshakeAllThreads done
Event: 6.806 Executing VM operation: G1CollectForAllocation
Event: 6.818 Executing VM operation: G1CollectForAllocation done

Events (20 events):
Event: 6.795 loading class java/util/Collections$UnmodifiableCollectionCustomizer
Event: 6.795 loading class java/util/Collections$UnmodifiableCollectionCustomizer done
Event: 6.795 loading class java/util/Collections$UnmodifiableCollectionCustomizer
Event: 6.795 loading class java/util/Collections$UnmodifiableCollectionCustomizer done
Event: 6.796 loading class java/util/Collections$UnmodifiableListCustomizer
Event: 6.796 loading class java/util/Collections$UnmodifiableListCustomizer done
Event: 6.796 loading class java/util/Collections$UnmodifiableListCustomizer
Event: 6.796 loading class java/util/Collections$UnmodifiableListCustomizer done
Event: 6.797 loading class java/util/Collections$UnmodifiableRandomAccessListCustomizer
Event: 6.797 loading class java/util/Collections$UnmodifiableRandomAccessListCustomizer done
Event: 6.797 loading class java/util/Collections$UnmodifiableRandomAccessListCustomizer
Event: 6.797 loading class java/util/Collections$UnmodifiableRandomAccessListCustomizer done
Event: 6.818 loading class java/lang/MathBeanInfo
Event: 6.818 loading class java/lang/MathBeanInfo done
Event: 6.818 loading class java/lang/MathBeanInfo
Event: 6.818 loading class java/lang/MathBeanInfo done
Event: 6.819 loading class java/lang/MathCustomizer
Event: 6.819 loading class java/lang/MathCustomizer done
Event: 6.819 loading class java/lang/MathCustomizer
Event: 6.819 loading class java/lang/MathCustomizer done


Dynamic libraries:
0x00007ff6dc640000 - 0x00007ff6dc64e000 	C:\Users\lenovo\.jdks\openjdk-17.0.2\bin\java.exe
0x00007ffa774b0000 - 0x00007ffa776a8000 	C:\WINDOWS\SYSTEM32\ntdll.dll
0x00007ffa75980000 - 0x00007ffa75a3d000 	C:\WINDOWS\System32\KERNEL32.DLL
0x00007ffa75180000 - 0x00007ffa7544e000 	C:\WINDOWS\System32\KERNELBASE.dll
0x00007ffa74bd0000 - 0x00007ffa74cd0000 	C:\WINDOWS\System32\ucrtbase.dll
0x00007ffa5eb90000 - 0x00007ffa5eba8000 	C:\Users\lenovo\.jdks\openjdk-17.0.2\bin\jli.dll
0x00007ffa5d5b0000 - 0x00007ffa5d5ca000 	C:\Users\lenovo\.jdks\openjdk-17.0.2\bin\VCRUNTIME140.dll
0x00007ffa75c40000 - 0x00007ffa75de0000 	C:\WINDOWS\System32\USER32.dll
0x00007ffa6bb10000 - 0x00007ffa6bdaa000 	C:\WINDOWS\WinSxS\amd64_microsoft.windows.common-controls_6595b64144ccf1df_6.0.19041.1110_none_60b5254171f9507e\COMCTL32.dll
0x00007ffa75450000 - 0x00007ffa75472000 	C:\WINDOWS\System32\win32u.dll
0x00007ffa75510000 - 0x00007ffa755ae000 	C:\WINDOWS\System32\msvcrt.dll
0x00007ffa755b0000 - 0x00007ffa755da000 	C:\WINDOWS\System32\GDI32.dll
0x00007ffa74cd0000 - 0x00007ffa74ddb000 	C:\WINDOWS\System32\gdi32full.dll
0x00007ffa750b0000 - 0x00007ffa7514d000 	C:\WINDOWS\System32\msvcp_win.dll
0x00007ffa75c10000 - 0x00007ffa75c40000 	C:\WINDOWS\System32\IMM32.DLL
0x00007ffa70500000 - 0x00007ffa7050c000 	C:\Users\lenovo\.jdks\openjdk-17.0.2\bin\vcruntime140_1.dll
0x00007ffa5d520000 - 0x00007ffa5d5ad000 	C:\Users\lenovo\.jdks\openjdk-17.0.2\bin\msvcp140.dll
0x00007ffa16ad0000 - 0x00007ffa17691000 	C:\Users\lenovo\.jdks\openjdk-17.0.2\bin\server\jvm.dll
0x00007ffa75de0000 - 0x00007ffa75e8e000 	C:\WINDOWS\System32\ADVAPI32.dll
0x00007ffa765e0000 - 0x00007ffa7667c000 	C:\WINDOWS\System32\sechost.dll
0x00007ffa75a40000 - 0x00007ffa75b65000 	C:\WINDOWS\System32\RPCRT4.dll
0x00007ffa75f60000 - 0x00007ffa75f68000 	C:\WINDOWS\System32\PSAPI.DLL
0x00007ffa64800000 - 0x00007ffa6480a000 	C:\WINDOWS\SYSTEM32\VERSION.dll
0x00007ffa62f90000 - 0x00007ffa62fb7000 	C:\WINDOWS\SYSTEM32\WINMM.dll
0x00007ffa62c40000 - 0x00007ffa62c49000 	C:\WINDOWS\SYSTEM32\WSOCK32.dll
0x00007ffa75910000 - 0x00007ffa7597b000 	C:\WINDOWS\System32\WS2_32.dll
0x00007ffa72b60000 - 0x00007ffa72b72000 	C:\WINDOWS\SYSTEM32\kernel.appcore.dll
0x00007ffa6f880000 - 0x00007ffa6f88a000 	C:\Users\lenovo\.jdks\openjdk-17.0.2\bin\jimage.dll
0x00007ffa615d0000 - 0x00007ffa617b4000 	C:\WINDOWS\SYSTEM32\DBGHELP.DLL
0x00007ffa615a0000 - 0x00007ffa615cc000 	C:\WINDOWS\SYSTEM32\dbgcore.DLL
0x00007ffa75480000 - 0x00007ffa75502000 	C:\WINDOWS\System32\bcryptPrimitives.dll
0x00007ffa628a0000 - 0x00007ffa628ae000 	C:\Users\lenovo\.jdks\openjdk-17.0.2\bin\instrument.dll
0x00007ffa5d4f0000 - 0x00007ffa5d515000 	C:\Users\lenovo\.jdks\openjdk-17.0.2\bin\java.dll
0x00007ffa5d410000 - 0x00007ffa5d4e6000 	C:\Users\lenovo\.jdks\openjdk-17.0.2\bin\jsvml.dll
0x00007ffa76b70000 - 0x00007ffa772b4000 	C:\WINDOWS\System32\SHELL32.dll
0x00007ffa72cd0000 - 0x00007ffa73464000 	C:\WINDOWS\SYSTEM32\windows.storage.dll
0x00007ffa76680000 - 0x00007ffa769d4000 	C:\WINDOWS\System32\combase.dll
0x00007ffa74560000 - 0x00007ffa74590000 	C:\WINDOWS\SYSTEM32\Wldp.dll
0x00007ffa75eb0000 - 0x00007ffa75f5d000 	C:\WINDOWS\System32\SHCORE.dll
0x00007ffa756b0000 - 0x00007ffa75705000 	C:\WINDOWS\System32\shlwapi.dll
0x00007ffa74b10000 - 0x00007ffa74b2f000 	C:\WINDOWS\SYSTEM32\profapi.dll
0x00007ffa5d3b0000 - 0x00007ffa5d3c8000 	C:\Users\lenovo\.jdks\openjdk-17.0.2\bin\zip.dll
0x00007ffa5d3f0000 - 0x00007ffa5d409000 	C:\Users\lenovo\.jdks\openjdk-17.0.2\bin\net.dll
0x00007ffa698b0000 - 0x00007ffa699ba000 	C:\WINDOWS\SYSTEM32\WINHTTP.dll
0x00007ffa742c0000 - 0x00007ffa7432a000 	C:\WINDOWS\system32\mswsock.dll
0x00007ffa5d3d0000 - 0x00007ffa5d3e6000 	C:\Users\lenovo\.jdks\openjdk-17.0.2\bin\nio.dll
0x00007ffa5cea0000 - 0x00007ffa5ceba000 	C:\Program Files\JetBrains\IntelliJ IDEA Community Edition 2021.3.2\bin\breakgen64.dll
0x00007ffa6ba50000 - 0x00007ffa6ba60000 	C:\Users\lenovo\.jdks\openjdk-17.0.2\bin\verify.dll

dbghelp: loaded successfully - version: 4.0.5 - missing functions: none
symbol engine: initialized successfully - sym options: 0x614 - pdb path: .;C:\Users\lenovo\.jdks\openjdk-17.0.2\bin;C:\WINDOWS\SYSTEM32;C:\WINDOWS\WinSxS\amd64_microsoft.windows.common-controls_6595b64144ccf1df_6.0.19041.1110_none_60b5254171f9507e;C:\Users\lenovo\.jdks\openjdk-17.0.2\bin\server;C:\Program Files\JetBrains\IntelliJ IDEA Community Edition 2021.3.2\bin

VM Arguments:
jvm_args: -ea -Didea.test.cyclic.buffer.size=1048576 -javaagent:C:\Program Files\JetBrains\IntelliJ IDEA Community Edition 2021.3.2\lib\idea_rt.jar=50064:C:\Program Files\JetBrains\IntelliJ IDEA Community Edition 2021.3.2\bin -Dfile.encoding=UTF-8 
java_command: com.intellij.rt.junit.JUnitStarter -ideVersion5 -junit4 post_request.Post03Pojo
java_class_path (initial): C:\Program Files\JetBrains\IntelliJ IDEA Community Edition 2021.3.2\lib\idea_rt.jar;C:\Program Files\JetBrains\IntelliJ IDEA Community Edition 2021.3.2\plugins\junit\lib\junit5-rt.jar;C:\Program Files\JetBrains\IntelliJ IDEA Community Edition 2021.3.2\plugins\junit\lib\junit-rt.jar;C:\Users\lenovo\IdeaProjects\api2022DT1\target\test-classes;C:\Users\lenovo\.m2\repository\io\rest-assured\rest-assured\4.3.0\rest-assured-4.3.0.jar;C:\Users\lenovo\.m2\repository\org\codehaus\groovy\groovy\3.0.2\groovy-3.0.2.jar;C:\Users\lenovo\.m2\repository\org\codehaus\groovy\groovy-xml\3.0.2\groovy-xml-3.0.2.jar;C:\Users\lenovo\.m2\repository\org\apache\httpcomponents\httpclient\4.5.3\httpclient-4.5.3.jar;C:\Users\lenovo\.m2\repository\org\apache\httpcomponents\httpcore\4.4.6\httpcore-4.4.6.jar;C:\Users\lenovo\.m2\repository\commons-logging\commons-logging\1.2\commons-logging-1.2.jar;C:\Users\lenovo\.m2\repository\commons-codec\commons-codec\1.9\commons-codec-1.9.jar;C:\Users\lenovo\.m2\repository\org\apache\httpcomponents\httpmime\4.5.3\httpmime-4.5.3.jar;C:\Users\lenovo\.m2\repository\org\hamcrest\hamcrest\2.1\hamcrest-2.1.jar;C:\Users\lenovo\.m2\repository\org\ccil\cowan\tagsoup\tagsoup\1.2.1\tagsoup-1.2.1.jar;C:\Users\lenovo\.m2\repository\io\rest-assured\json-path\4.3.0\json-path-4.3.0.jar;C:\Users\lenovo\.m2\repository\org\codehaus\groovy\groovy-json\3.0.2\groovy-json-3.0.2.jar;C:\Users\lenovo\.m2\repository\io\rest-assured\rest-assured-common\4.3.0\rest-assured-common-4.3.0.jar;C:\Users\lenovo\.m2\repository\io\rest-assured\xml-path\4.3.0\xml-path-4.3.0.jar;C:\Users\lenovo\.m2\repository\org\apache\commons\commons-lang3\3.4\commons-lang3-3.4.jar;C:\Users\lenovo\.m2\repository\jakarta\xml\bind\jakarta.xml.bind-api\2.3.2\jakarta.xml.bind-api-2.3.2.jar;C:\Users\lenovo\.m2\repository\jakarta\activation\jakarta.activation-api\1.2.1\jakarta.activation-api-1.2.1.jar;C:\Users\lenovo\.m2\repository\com\sun\xml\bind\jaxb-osgi\2.3.0.1\jaxb-osgi-2.3.0.1.jar;C:
Launcher Type: SUN_STANDARD

[Global flags]
     intx CICompilerCount                          = 4                                         {product} {ergonomic}
     uint ConcGCThreads                            = 2                                         {product} {ergonomic}
     uint G1ConcRefinementThreads                  = 8                                         {product} {ergonomic}
   size_t G1HeapRegionSize                         = 2097152                                   {product} {ergonomic}
    uintx GCDrainStackTargetSize                   = 64                                        {product} {ergonomic}
   size_t InitialHeapSize                          = 199229440                                 {product} {ergonomic}
   size_t MarkStackSize                            = 4194304                                   {product} {ergonomic}
   size_t MaxHeapSize                              = 3183476736                                {product} {ergonomic}
   size_t MaxNewSize                               = 1908408320                                {product} {ergonomic}
   size_t MinHeapDeltaBytes                        = 2097152                                   {product} {ergonomic}
   size_t MinHeapSize                              = 8388608                                   {product} {ergonomic}
    uintx NonNMethodCodeHeapSize                   = 5839372                                {pd product} {ergonomic}
    uintx NonProfiledCodeHeapSize                  = 122909434                              {pd product} {ergonomic}
    uintx ProfiledCodeHeapSize                     = 122909434                              {pd product} {ergonomic}
    uintx ReservedCodeCacheSize                    = 251658240                              {pd product} {ergonomic}
     bool SegmentedCodeCache                       = true                                      {product} {ergonomic}
   size_t SoftMaxHeapSize                          = 3183476736                             {manageable} {ergonomic}
     bool UseCompressedClassPointers               = true                           {product lp64_product} {ergonomic}
     bool UseCompressedOops                        = true                           {product lp64_product} {ergonomic}
     bool UseG1GC                                  = true                                      {product} {ergonomic}
     bool UseLargePagesIndividualAllocation        = false                                  {pd product} {ergonomic}

Logging:
Log output configuration:
 #0: stdout all=warning uptime,level,tags
 #1: stderr all=off uptime,level,tags

Environment Variables:
JAVA_HOME=C:\Program Files\Java\jdk-11.0.13
PATH=C:\oraclexe\app\oracle\product\11.2.0\server\bin;;C:\app\lenovo\product\18.0.0\dbhomeXE\bin;C:\Program Files\Common Files\Oracle\Java\javapath;C:\ProgramData\Oracle\Java\javapath;C:\Program Files (x86)\Intel\iCLS Client\;C:\Program Files\Intel\iCLS Client\;C:\WINDOWS\system32;C:\WINDOWS;C:\WINDOWS\System32\Wbem;C:\WINDOWS\System32\WindowsPowerShell\v1.0\;C:\Program Files (x86)\Intel\OpenCL SDK\2.0\bin\x86;C:\Program Files (x86)\Intel\OpenCL SDK\2.0\bin\x64;C:\Program Files\Intel\Intel(R) Management Engine Components\DAL;C:\Program Files\Intel\Intel(R) Management Engine Components\IPT;C:\Program Files (x86)\Intel\Intel(R) Management Engine Components\DAL;C:\Program Files (x86)\Intel\Intel(R) Management Engine Components\IPT;C:\WINDOWS\System32\OpenSSH\;C:\Program Files\nodejs\;C:\Program Files\GitHub CLI\;C:\Program Files\Git\cmd;C:\Users\lenovo\AppData\Local\Microsoft\WindowsApps;C:\Users\lenovo\AppData\Roaming\npm;C:\Users\lenovo\AppData\Local\Programs\Microsoft VS Code\bin;C:\Program Files\Java\jdk-11.0.13\bin;
USERNAME=lenovo
OS=Windows_NT
PROCESSOR_IDENTIFIER=Intel64 Family 6 Model 58 Stepping 9, GenuineIntel



---------------  S Y S T E M  ---------------

OS:
 Windows 10 , 64 bit Build 19041 (10.0.19041.1889)
OS uptime: 0 days 0:23 hours

CPU: total 8 (initial active 8) (4 cores per cpu, 2 threads per core) family 6 model 58 stepping 9 microcode 0x21, cx8, cmov, fxsr, ht, mmx, sse, sse2, sse3, ssse3, sse4.1, sse4.2, popcnt, tsc, tscinvbit, avx, aes, erms, clmul, vzeroupper, clflush

Memory: 4k page, system-wide physical 12143M (6407M free)
TotalPageFile size 13999M (AvailPageFile size 7705M)
current process WorkingSet (physical memory assigned to process): 188M, peak: 191M
current process commit charge ("private bytes"): 347M, peak: 352M

vm_info: OpenJDK 64-Bit Server VM (17.0.2+8-86) for windows-amd64 JRE (17.0.2+8-86), built on Dec  7 2021 21:49:10 by "mach5one" with MS VC++ 16.8 / 16.9 (VS2019)

END.
